This is pdfTeX, Version 3.1415926-2.5-1.40.14 (TeX Live 2013) (format=pdflatex 2013.5.30)  26 APR 2016 12:54
entering extended mode
 restricted \write18 enabled.
 %&-line parsing enabled.
**oblique
(./oblique.tex
LaTeX2e <2011/06/27>
Babel <3.9f> and hyphenation patterns for 78 languages loaded.
(./aeb_emulateapj_2010.cls
Document Class: aeb_emulateapj_2010 
\bibbaselineskip=\skip41
(/usr/local/texlive/2013/texmf-dist/tex/latex/revtex/revtex4-1.cls
Document Class: revtex4-1 2010/07/25/20:33:00 4.1r (http://publish.aps.org/revt
ex4/ for documentation)
 Copyright (c) 2009 The American Physical Society.
 mailto:revtex@aps.org
 Licensed under the LPPL:
http://www.ctan.org/tex-archive/macros/latex/base/lppl.txt
 Arthur Ogawa <arthur_ogawa at sbcglobal dot net>
 Based on work by David Carlisle <david at dcarlisle.demon.co.uk>.
ltxutil[2010/07/25/20:33:00 4.1r utilities package (portions licensed from W. E
. Baxter web at superscript.com)]
LaTeX Info: Redefining \@centercr on input line 308.
Class revtex4-1 Info: Repairing broken LaTeX eqnarray on input line 358.
\eqncolsep=\skip42
Class revtex4-1 Info: Repairing hyperref-unfriendly LaTeX definition of \mpfoot
note on input line 433.
Class revtex4-1 Info: Repairing broken LateX \@sect on input line 755.
\intertabularlinepenalty=\count79
\@tbpen=\count80
\@arstrutbox@hline=\box26
Class revtex4-1 Info: Repairing broken LaTeX \@xbitor on input line 1786.
Class revtex4-1 Info: Making \typeout \long on input line 2046.
ltxfront[2010/07/25/20:33:00 4.1r frontmatter package (AO,DPC)]
\c@affil=\count81
\c@collab=\count82
\absbox=\box27
ltxgrid[2010/07/25/20:33:00 4.1r page grid package (portions licensed from W. E
. Baxter web at superscript.com)]
\c@linecount=\count83
\output@latex=\toks14
\box@size@1=\box28
\box@size@2=\box29
\@protection@box=\box30
\@topmark@saved=\toks15
\footins@saved=\box31
\footins@recovered=\box32
\column@recovered=\box33
\pagesofar=\box34
\footsofar=\box35
\pagegrid@col=\count84
Class revtex4-1 Info: Overriding \@vspace, \@vspacer, \@no@pgbk, \@newline, and
 \\  on input line 5578.
\c@part=\count85
\c@section=\count86
\c@subsection=\count87
\c@subsubsection=\count88
\c@paragraph=\count89
\c@subparagraph=\count90
\abovecaptionskip=\skip43
\belowcaptionskip=\skip44
\c@figure=\count91
\fbox@1=\box36
\c@table=\count92
\fbox@2=\box37
\c@video=\count93
\fbox@4=\box38
\@bibdataout=\write3
\widetext@top=\box39
\widetext@bot=\box40

Class revtex4-1 Warning: No Society specified, using default society aps.

(/usr/local/texlive/2013/texmf-dist/tex/latex/revtex/aps4-1.rtx
File: aps4-1 2010/07/25/20:33:00 4.1r (http://publish.aps.org/revtex4/ for docu
mentation)
Class revtex4-1 Info: RevTeX society APS selected on input line 31.
)

Class revtex4-1 Warning: No journal specified, using default pra.

Class revtex4-1 Info: APS journal PRA selected on input line 7545.

Class revtex4-1 Warning: No type size specified, using default 10.

(/usr/local/texlive/2013/texmf-dist/tex/latex/revtex/aps10pt4-1.rtx
File: aps10pt4-1 2010/07/25/20:33:00 4.1r (http://publish.aps.org/revtex4/ for 
documentation)
Class revtex4-1 Info: RevTeX pointsize 10pt selected on input line 30.
)
(/usr/local/texlive/2013/texmf-dist/tex/latex/textcase/textcase.sty
Package: textcase 2004/10/07 v0.07 Text only upper/lower case changing (DPC)
)
(/usr/local/texlive/2013/texmf-dist/tex/latex/url/url.sty
\Urlmuskip=\muskip10
Package: url 2006/04/12  ver 3.3  Verb mode for urls, etc.
)
(/usr/local/texlive/2013/texmf-dist/tex/latex/natbib/natbib.sty
Package: natbib 2010/09/13 8.31b (PWD, AO)
\bibhang=\skip45
\bibsep=\skip46
LaTeX Info: Redefining \cite on input line 694.
\c@NAT@ctr=\count94
)
Class revtex4-1 Info: Repairing natbib's \BibitemShut on input line 7549.

(/usr/local/texlive/2013/texmf-dist/tex/latex/revtex/revsymb4-1.sty
Package: revsymb4-1 2010/07/25/20:33:00 4.1r (http://publish.aps.org/revtex4/ f
or documentation)
LaTeX Info: Redefining \REV@mathfrak on input line 119.
))
(/usr/local/texlive/2013/texmf-dist/tex/latex/base/latexsym.sty
Package: latexsym 1998/08/17 v2.2e Standard LaTeX package (lasy symbols)
\symlasy=\mathgroup4
LaTeX Font Info:    Overwriting symbol font `lasy' in version `bold'
(Font)                  U/lasy/m/n --> U/lasy/b/n on input line 47.
)
(/usr/local/texlive/2013/texmf-dist/tex/latex/graphics/graphicx.sty
Package: graphicx 1999/02/16 v1.0f Enhanced LaTeX Graphics (DPC,SPQR)

(/usr/local/texlive/2013/texmf-dist/tex/latex/graphics/keyval.sty
Package: keyval 1999/03/16 v1.13 key=value parser (DPC)
\KV@toks@=\toks16
)
(/usr/local/texlive/2013/texmf-dist/tex/latex/graphics/graphics.sty
Package: graphics 2009/02/05 v1.0o Standard LaTeX Graphics (DPC,SPQR)

(/usr/local/texlive/2013/texmf-dist/tex/latex/graphics/trig.sty
Package: trig 1999/03/16 v1.09 sin cos tan (DPC)
)
(/usr/local/texlive/2013/texmf-dist/tex/latex/latexconfig/graphics.cfg
File: graphics.cfg 2010/04/23 v1.9 graphics configuration of TeX Live
)
Package graphics Info: Driver file: pdftex.def on input line 91.

(/usr/local/texlive/2013/texmf-dist/tex/latex/pdftex-def/pdftex.def
File: pdftex.def 2011/05/27 v0.06d Graphics/color for pdfTeX

(/usr/local/texlive/2013/texmf-dist/tex/generic/oberdiek/infwarerr.sty
Package: infwarerr 2010/04/08 v1.3 Providing info/warning/error messages (HO)
)
(/usr/local/texlive/2013/texmf-dist/tex/generic/oberdiek/ltxcmds.sty
Package: ltxcmds 2011/11/09 v1.22 LaTeX kernel commands for general use (HO)
)
\Gread@gobject=\count95
))
\Gin@req@height=\dimen102
\Gin@req@width=\dimen103
)
(/usr/local/texlive/2013/texmf-dist/tex/latex/amsfonts/amssymb.sty
Package: amssymb 2013/01/14 v3.01 AMS font symbols

(/usr/local/texlive/2013/texmf-dist/tex/latex/amsfonts/amsfonts.sty
Package: amsfonts 2013/01/14 v3.01 Basic AMSFonts support
\@emptytoks=\toks17
\symAMSa=\mathgroup5
\symAMSb=\mathgroup6
LaTeX Font Info:    Overwriting math alphabet `\mathfrak' in version `bold'
(Font)                  U/euf/m/n --> U/euf/b/n on input line 106.
LaTeX Info: Redefining \frak on input line 111.
LaTeX Info: Redefining \Bbb on input line 113.
))
(/usr/local/texlive/2013/texmf-dist/tex/latex/tools/longtable.sty
Package: longtable 2004/02/01 v4.11 Multi-page Table package (DPC)
\LTleft=\skip47
\LTright=\skip48
\LTpre=\skip49
\LTpost=\skip50
\LTchunksize=\count96
\LTcapwidth=\dimen104
\LT@head=\box41
\LT@firsthead=\box42
\LT@foot=\box43
\LT@lastfoot=\box44
\LT@cols=\count97
\LT@rows=\count98
\c@LT@tables=\count99
\c@LT@chunks=\count100
\LT@p@ftn=\toks18
)
(/usr/local/texlive/2013/texmf-dist/tex/generic/epsf/epsf.sty
This is `epsf.tex' v2.7.4 <14 February 2011>
\epsffilein=\read1
\epsfframemargin=\dimen105
\epsfframethickness=\dimen106
\epsfrsize=\dimen107
\epsftmp=\dimen108
\epsftsize=\dimen109
\epsfxsize=\dimen110
\epsfysize=\dimen111
\pspoints=\dimen112
)
\c@front@matter@foot@note=\count101
\alt@affil@toks=\toks19
\alt@affil@toks@count=\toks20
\keys@width=\skip51
\c@lastfootnote=\count102
\c@remember@figure@num=\count103
\c@remember@table@num=\count104
\bibindent=\dimen113
\plot@width=\skip52
\c@table@save=\count105
\table@note@skip=\skip53
\deluxe@table@width=\skip54
\@d@t@a=\skip55
\c@deluxe@table@num=\count106
\abovedeluxetableskip=\skip56
\belowdeluxetableskip=\skip57
\lastrowheight=\dimen114
\DT@p@ftn=\toks21
\pt@column=\count107
\pt@ncol=\count108
 (/usr/local/texlive/2013/texmf-dist/tex/latex/base/fontenc.sty
Package: fontenc 2005/09/27 v1.99g Standard LaTeX package

(/usr/local/texlive/2013/texmf-dist/tex/latex/base/t1enc.def
File: t1enc.def 2005/09/27 v1.99g Standard LaTeX file
LaTeX Font Info:    Redeclaring font encoding T1 on input line 43.
))
\symcmoperators=\mathgroup7
\symcmitoperators=\mathgroup8
LaTeX Font Info:    Redeclaring symbol font `operators' on input line 2218.
LaTeX Font Info:    Overwriting symbol font `operators' in version `normal'
(Font)                  OT1/cmr/m/n --> OT1/ptm/m/n on input line 2218.
LaTeX Font Info:    Overwriting symbol font `operators' in version `bold'
(Font)                  OT1/cmr/bx/n --> OT1/ptm/m/n on input line 2218.
LaTeX Font Info:    Redeclaring symbol font `letters' on input line 2218.
LaTeX Font Info:    Overwriting symbol font `letters' in version `normal'
(Font)                  OML/cmm/m/it --> OML/ptmcm/m/it on input line 2218.
LaTeX Font Info:    Overwriting symbol font `letters' in version `bold'
(Font)                  OML/cmm/b/it --> OML/ptmcm/m/it on input line 2218.
\symptmletters=\mathgroup9
\symcmletters=\mathgroup10
LaTeX Font Info:    Redeclaring symbol font `symbols' on input line 2218.
LaTeX Font Info:    Overwriting symbol font `symbols' in version `normal'
(Font)                  OMS/cmsy/m/n --> OMS/cmsy/m/n on input line 2218.
LaTeX Font Info:    Overwriting symbol font `symbols' in version `bold'
(Font)                  OMS/cmsy/b/n --> OMS/cmsy/m/n on input line 2218.
\symptmsymbols=\mathgroup11
LaTeX Font Info:    Redeclaring symbol font `largesymbols' on input line 2218.
LaTeX Font Info:    Overwriting symbol font `largesymbols' in version `normal'
(Font)                  OMX/cmex/m/n --> OMX/cmex/m/n on input line 2218.
LaTeX Font Info:    Overwriting symbol font `largesymbols' in version `bold'
(Font)                  OMX/cmex/m/n --> OMX/cmex/m/n on input line 2218.
\symbold=\mathgroup12
\symitalic=\mathgroup13
LaTeX Font Info:    Overwriting symbol font `cmoperators' in version `bold'
(Font)                  OT1/cmr/m/n --> OT1/cmr/b/n on input line 2218.
LaTeX Font Info:    Overwriting symbol font `cmitoperators' in version `bold'
(Font)                  OT1/cmr/m/it --> OT1/cmr/bx/it on input line 2218.
LaTeX Font Info:    Overwriting symbol font `operators' in version `bold'
(Font)                  OT1/ptm/m/n --> OT1/ptm/bx/n on input line 2218.
LaTeX Font Info:    Overwriting symbol font `letters' in version `bold'
(Font)                  OML/ptmcm/m/it --> OML/ptmCM/b/it on input line 2218.
LaTeX Font Info:    Overwriting symbol font `ptmletters' in version `bold'
(Font)                  OML/ptmcm/m/it --> OML/ptmCM/b/it on input line 2218.
LaTeX Font Info:    Overwriting symbol font `cmletters' in version `bold'
(Font)                  OML/cmm/m/it --> OML/cmm/b/it on input line 2218.
LaTeX Font Info:    Overwriting symbol font `symbols' in version `bold'
(Font)                  OMS/cmsy/m/n --> OMS/cmsy/b/n on input line 2218.
LaTeX Font Info:    Overwriting symbol font `largesymbols' in version `bold'
(Font)                  OMX/cmex/m/n --> OMX/cmex/m/n on input line 2218.
LaTeX Font Info:    Overwriting symbol font `bold' in version `bold'
(Font)                  OT1/ptm/bx/n --> OT1/ptm/bx/n on input line 2218.
LaTeX Font Info:    Overwriting symbol font `italic' in version `bold'
(Font)                  OT1/ptm/m/it --> OT1/ptm/b/it on input line 2218.
LaTeX Font Info:    Redeclaring math alphabet \mathbf on input line 2218.
LaTeX Font Info:    Overwriting math alphabet `\mathbf' in version `normal'
(Font)                  OT1/cmr/bx/n --> OT1/ptm/bx/n on input line 2218.
LaTeX Font Info:    Overwriting math alphabet `\mathbf' in version `bold'
(Font)                  OT1/cmr/bx/n --> OT1/ptm/bx/n on input line 2218.
LaTeX Font Info:    Redeclaring math alphabet \mathit on input line 2218.
LaTeX Font Info:    Overwriting math alphabet `\mathit' in version `normal'
(Font)                  OT1/cmr/m/it --> OT1/ptm/m/it on input line 2218.
LaTeX Font Info:    Overwriting math alphabet `\mathit' in version `bold'
(Font)                  OT1/cmr/bx/it --> OT1/ptm/m/it on input line 2218.
LaTeX Font Info:    Redeclaring math symbol \alpha on input line 2218.
LaTeX Font Info:    Redeclaring math symbol \beta on input line 2218.
LaTeX Font Info:    Redeclaring math symbol \gamma on input line 2218.
LaTeX Font Info:    Redeclaring math symbol \delta on input line 2218.
LaTeX Font Info:    Redeclaring math symbol \epsilon on input line 2218.
LaTeX Font Info:    Redeclaring math symbol \zeta on input line 2218.
LaTeX Font Info:    Redeclaring math symbol \eta on input line 2218.
LaTeX Font Info:    Redeclaring math symbol \theta on input line 2218.
LaTeX Font Info:    Redeclaring math symbol \iota on input line 2218.
LaTeX Font Info:    Redeclaring math symbol \kappa on input line 2218.
LaTeX Font Info:    Redeclaring math symbol \lambda on input line 2218.
LaTeX Font Info:    Redeclaring math symbol \mu on input line 2218.
LaTeX Font Info:    Redeclaring math symbol \nu on input line 2218.
LaTeX Font Info:    Redeclaring math symbol \xi on input line 2218.
LaTeX Font Info:    Redeclaring math symbol \pi on input line 2218.
LaTeX Font Info:    Redeclaring math symbol \rho on input line 2218.
LaTeX Font Info:    Redeclaring math symbol \sigma on input line 2218.
LaTeX Font Info:    Redeclaring math symbol \tau on input line 2218.
LaTeX Font Info:    Redeclaring math symbol \upsilon on input line 2218.
LaTeX Font Info:    Redeclaring math symbol \phi on input line 2218.
LaTeX Font Info:    Redeclaring math symbol \chi on input line 2218.
LaTeX Font Info:    Redeclaring math symbol \psi on input line 2218.
LaTeX Font Info:    Redeclaring math symbol \omega on input line 2218.
LaTeX Font Info:    Redeclaring math symbol \varepsilon on input line 2218.
LaTeX Font Info:    Redeclaring math symbol \vartheta on input line 2218.
LaTeX Font Info:    Redeclaring math symbol \varrho on input line 2218.
LaTeX Font Info:    Redeclaring math symbol \varsigma on input line 2218.
LaTeX Font Info:    Redeclaring math symbol \varphi on input line 2218.
LaTeX Font Info:    Redeclaring math symbol \partial on input line 2218.
LaTeX Font Info:    Redeclaring math symbol \ell on input line 2218.
LaTeX Font Info:    Redeclaring math symbol \ell on input line 2218.
LaTeX Font Info:    Redeclaring math symbol \Gamma on input line 2218.
LaTeX Font Info:    Redeclaring math symbol \Delta on input line 2218.
LaTeX Font Info:    Redeclaring math symbol \Theta on input line 2218.
LaTeX Font Info:    Redeclaring math symbol \Lambda on input line 2218.
LaTeX Font Info:    Redeclaring math symbol \Xi on input line 2218.
LaTeX Font Info:    Redeclaring math symbol \Pi on input line 2218.
LaTeX Font Info:    Redeclaring math symbol \Sigma on input line 2218.
LaTeX Font Info:    Redeclaring math symbol \Upsilon on input line 2218.
LaTeX Font Info:    Redeclaring math symbol \Phi on input line 2218.
LaTeX Font Info:    Redeclaring math symbol \Psi on input line 2218.
LaTeX Font Info:    Redeclaring math symbol \Omega on input line 2218.
LaTeX Font Info:    Redeclaring math accent \acute on input line 2218.
LaTeX Font Info:    Redeclaring math accent \bar on input line 2218.
LaTeX Font Info:    Redeclaring math accent \breve on input line 2218.
LaTeX Font Info:    Redeclaring math accent \check on input line 2218.
LaTeX Font Info:    Redeclaring math accent \ddot on input line 2218.
LaTeX Font Info:    Redeclaring math accent \dot on input line 2218.
LaTeX Font Info:    Redeclaring math accent \grave on input line 2218.
LaTeX Font Info:    Redeclaring math accent \hat on input line 2218.
LaTeX Font Info:    Redeclaring math accent \tilde on input line 2218.
LaTeX Font Info:    Redeclaring math accent \vec on input line 2218.
)
(/usr/local/texlive/2013/texmf-dist/tex/latex/amsmath/amsmath.sty
Package: amsmath 2013/01/14 v2.14 AMS math features
\@mathmargin=\skip58

For additional information on amsmath, use the `?' option.
(/usr/local/texlive/2013/texmf-dist/tex/latex/amsmath/amstext.sty
Package: amstext 2000/06/29 v2.01

(/usr/local/texlive/2013/texmf-dist/tex/latex/amsmath/amsgen.sty
File: amsgen.sty 1999/11/30 v2.0
\@emptytoks=\toks22
\ex@=\dimen115
)
LaTeX Info: Redefining \text on input line 39.
)
(/usr/local/texlive/2013/texmf-dist/tex/latex/amsmath/amsbsy.sty
Package: amsbsy 1999/11/29 v1.2d
\pmbraise@=\dimen116
)
(/usr/local/texlive/2013/texmf-dist/tex/latex/amsmath/amsopn.sty
Package: amsopn 1999/12/14 v2.01 operator names
)
\inf@bad=\count109
LaTeX Info: Redefining \frac on input line 210.
\uproot@=\count110
\leftroot@=\count111
LaTeX Info: Redefining \overline on input line 306.
\classnum@=\count112
\DOTSCASE@=\count113
LaTeX Info: Redefining \ldots on input line 378.
LaTeX Info: Redefining \dots on input line 381.
LaTeX Info: Redefining \cdots on input line 466.
\Mathstrutbox@=\box45
\strutbox@=\box46
\big@size=\dimen117
LaTeX Font Info:    Redeclaring font encoding OML on input line 566.
LaTeX Font Info:    Redeclaring font encoding OMS on input line 567.
\macc@depth=\count114
\c@MaxMatrixCols=\count115
\dotsspace@=\muskip11
\c@parentequation=\count116
\dspbrk@lvl=\count117
\tag@help=\toks23
\row@=\count118
\column@=\count119
\maxfields@=\count120
\andhelp@=\toks24
\eqnshift@=\dimen118
\alignsep@=\dimen119
\tagshift@=\dimen120
\tagwidth@=\dimen121
\totwidth@=\dimen122
\lineht@=\dimen123
\@envbody=\toks25
\multlinegap=\skip59
\multlinetaggap=\skip60
\mathdisplay@stack=\toks26
LaTeX Info: Redefining \[ on input line 2665.
LaTeX Info: Redefining \] on input line 2666.
)
(/usr/local/texlive/2013/texmf-dist/tex/generic/ulem/ulem.sty
\UL@box=\box47
\UL@hyphenbox=\box48
\UL@skip=\skip61
\UL@hook=\toks27
\UL@height=\dimen124
\UL@pe=\count121
\UL@pixel=\dimen125
\ULC@box=\box49
Package: ulem 2012/05/18
\ULdepth=\dimen126
)
(/usr/local/texlive/2013/texmf-dist/tex/latex/graphics/color.sty
Package: color 2005/11/14 v1.0j Standard LaTeX Color (DPC)

(/usr/local/texlive/2013/texmf-dist/tex/latex/latexconfig/color.cfg
File: color.cfg 2007/01/18 v1.5 color configuration of teTeX/TeXLive
)
Package color Info: Driver file: pdftex.def on input line 130.
)
Class revtex4-1 Info: Patching LaTeX tabular. on input line 188.
Class revtex4-1 Info: Patching longtable package on input line 188.
Class revtex4-1 Info: Robustifying \LaTeX's \boldmath command on input line 188
.
Class revtex4-1 Info: cite was not loaded (OK!) on input line 188.
Class revtex4-1 Info: mcite was not loaded (OK!) on input line 188.
Class revtex4-1 Info: multicol was not loaded (OK!) on input line 188.


LaTeX Warning: Unused global option(s):
    [usenatbib,iop,apj,numberedappendix].

(./oblique.aux

LaTeX Warning: Label `eq:OGgen' multiply defined.

)
\openout1 = `oblique.aux'.

LaTeX Font Info:    Checking defaults for OML/cmm/m/it on input line 188.
LaTeX Font Info:    ... okay on input line 188.
LaTeX Font Info:    Checking defaults for T1/cmr/m/n on input line 188.
LaTeX Font Info:    ... okay on input line 188.
LaTeX Font Info:    Checking defaults for OT1/cmr/m/n on input line 188.
LaTeX Font Info:    ... okay on input line 188.
LaTeX Font Info:    Checking defaults for OMS/cmsy/m/n on input line 188.
LaTeX Font Info:    ... okay on input line 188.
LaTeX Font Info:    Checking defaults for OMX/cmex/m/n on input line 188.
LaTeX Font Info:    ... okay on input line 188.
LaTeX Font Info:    Checking defaults for U/cmr/m/n on input line 188.
LaTeX Font Info:    ... okay on input line 188.
LaTeX Font Info:    Try loading font information for T1+ptm on input line 188.
 (/usr/local/texlive/2013/texmf-dist/tex/latex/psnfss/t1ptm.fd
File: t1ptm.fd 2001/06/04 font definitions for T1/ptm.
)
(/usr/local/texlive/2013/texmf-dist/tex/context/base/supp-pdf.mkii
[Loading MPS to PDF converter (version 2006.09.02).]
\scratchcounter=\count122
\scratchdimen=\dimen127
\scratchbox=\box50
\nofMPsegments=\count123
\nofMParguments=\count124
\everyMPshowfont=\toks28
\MPscratchCnt=\count125
\MPscratchDim=\dimen128
\MPnumerator=\count126
\makeMPintoPDFobject=\count127
\everyMPtoPDFconversion=\toks29
) (/usr/local/texlive/2013/texmf-dist/tex/generic/oberdiek/pdftexcmds.sty
Package: pdftexcmds 2011/11/29 v0.20 Utility functions of pdfTeX for LuaTeX (HO
)

(/usr/local/texlive/2013/texmf-dist/tex/generic/oberdiek/ifluatex.sty
Package: ifluatex 2010/03/01 v1.3 Provides the ifluatex switch (HO)
Package ifluatex Info: LuaTeX not detected.
)
(/usr/local/texlive/2013/texmf-dist/tex/generic/oberdiek/ifpdf.sty
Package: ifpdf 2011/01/30 v2.3 Provides the ifpdf switch (HO)
Package ifpdf Info: pdfTeX in PDF mode is detected.
)
Package pdftexcmds Info: LuaTeX not detected.
Package pdftexcmds Info: \pdf@primitive is available.
Package pdftexcmds Info: \pdf@ifprimitive is available.
Package pdftexcmds Info: \pdfdraftmode found.
)
(/usr/local/texlive/2013/texmf-dist/tex/latex/oberdiek/epstopdf-base.sty
Package: epstopdf-base 2010/02/09 v2.5 Base part for package epstopdf

(/usr/local/texlive/2013/texmf-dist/tex/latex/oberdiek/grfext.sty
Package: grfext 2010/08/19 v1.1 Manage graphics extensions (HO)

(/usr/local/texlive/2013/texmf-dist/tex/generic/oberdiek/kvdefinekeys.sty
Package: kvdefinekeys 2011/04/07 v1.3 Define keys (HO)
))
(/usr/local/texlive/2013/texmf-dist/tex/latex/oberdiek/kvoptions.sty
Package: kvoptions 2011/06/30 v3.11 Key value format for package options (HO)

(/usr/local/texlive/2013/texmf-dist/tex/generic/oberdiek/kvsetkeys.sty
Package: kvsetkeys 2012/04/25 v1.16 Key value parser (HO)

(/usr/local/texlive/2013/texmf-dist/tex/generic/oberdiek/etexcmds.sty
Package: etexcmds 2011/02/16 v1.5 Avoid name clashes with e-TeX commands (HO)
Package etexcmds Info: Could not find \expanded.
(etexcmds)             That can mean that you are not using pdfTeX 1.50 or
(etexcmds)             that some package has redefined \expanded.
(etexcmds)             In the latter case, load this package earlier.
)))
Package grfext Info: Graphics extension search list:
(grfext)             [.png,.pdf,.jpg,.mps,.jpeg,.jbig2,.jb2,.PNG,.PDF,.JPG,.JPE
G,.JBIG2,.JB2,.eps]
(grfext)             \AppendGraphicsExtensions on input line 452.

(/usr/local/texlive/2013/texmf-dist/tex/latex/latexconfig/epstopdf-sys.cfg
File: epstopdf-sys.cfg 2010/07/13 v1.3 Configuration of (r)epstopdf for TeX Liv
e
))
\openout3 = `obliqueNotes.bib'.

LaTeX Font Info:    Try loading font information for OT1+ptm on input line 212.


(/usr/local/texlive/2013/texmf-dist/tex/latex/psnfss/ot1ptm.fd
File: ot1ptm.fd 2001/06/04 font definitions for OT1/ptm.
)
LaTeX Font Info:    Try loading font information for OML+ptmcm on input line 21
2.

(/usr/local/texlive/2013/texmf-dist/tex/latex/psnfss/omlptmcm.fd
File: omlptmcm.fd 2000/01/03 Fontinst v1.801 font definitions for OML/ptmcm.
)
LaTeX Font Info:    Try loading font information for U+lasy on input line 212.

(/usr/local/texlive/2013/texmf-dist/tex/latex/base/ulasy.fd
File: ulasy.fd 1998/08/17 v2.2e LaTeX symbol font definitions
)
LaTeX Font Info:    Try loading font information for U+msa on input line 212.

(/usr/local/texlive/2013/texmf-dist/tex/latex/amsfonts/umsa.fd
File: umsa.fd 2013/01/14 v3.01 AMS symbols A
)
LaTeX Font Info:    Try loading font information for U+msb on input line 212.

(/usr/local/texlive/2013/texmf-dist/tex/latex/amsfonts/umsb.fd
File: umsb.fd 2013/01/14 v3.01 AMS symbols B
)
LaTeX Font Info:    Try loading font information for U+psy on input line 212.

(/usr/local/texlive/2013/texmf-dist/tex/latex/psnfss/upsy.fd
File: upsy.fd 2001/06/04 font definitions for U/psy.
)
LaTeX Font Info:    Font shape `OT1/ptm/bx/n' in size <10> not available
(Font)              Font shape `OT1/ptm/b/n' tried instead on input line 212.
LaTeX Font Info:    Font shape `OT1/ptm/bx/n' in size <7> not available
(Font)              Font shape `OT1/ptm/b/n' tried instead on input line 212.
LaTeX Font Info:    Font shape `OT1/ptm/bx/n' in size <5> not available
(Font)              Font shape `OT1/ptm/b/n' tried instead on input line 212.
LaTeX Font Info:    Font shape `OT1/ptm/bx/n' in size <9> not available
(Font)              Font shape `OT1/ptm/b/n' tried instead on input line 216.
LaTeX Font Info:    Font shape `OT1/ptm/bx/n' in size <6> not available
(Font)              Font shape `OT1/ptm/b/n' tried instead on input line 216.
LaTeX Font Info:    Font shape `OT1/ptm/bx/n' in size <8> not available
(Font)              Font shape `OT1/ptm/b/n' tried instead on input line 216.
 [1{/usr/local/texlive/2013/texmf-var/fonts/map/pdftex/updmap/pdftex.map}] [2]
LaTeX Font Info:    Font shape `T1/ptm/bx/n' in size <10> not available
(Font)              Font shape `T1/ptm/b/n' tried instead on input line 343.
LaTeX Font Info:    Try loading font information for OML+ptmCM on input line 35
2.

(/usr/local/texlive/2013/texmf-dist/tex/latex/psnfss/omlptmcm.fd
File: omlptmcm.fd 2000/01/03 Fontinst v1.801 font definitions for OML/ptmcm.
)

LaTeX Font Warning: Font shape `OML/ptmCM/b/it' undefined
(Font)              using `OML/cmm/m/it' instead on input line 352.

LaTeX Font Info:    Font shape `U/lasy/b/n' in size <7> not available
(Font)              Font shape `U/lasy/m/n' tried instead on input line 352.
LaTeX Font Info:    Font shape `U/lasy/b/n' in size <5> not available
(Font)              Font shape `U/lasy/m/n' tried instead on input line 352.

LaTeX Warning: Reference `sec:lorentz' on page 3 undefined on input line 354.


Underfull \hbox (badness 1292) in paragraph at lines 457--464
\T1/ptm/m/n/10 species $\OML/ptmCM/b/it/10 ![] \OMS/cmsy/m/n/10 ^^Q \OT1/ptm/m/
n/10 4\OML/ptmCM/b/it/10 ^^Y\OML/ptmcm/m/it/10 e[]n[]=m[]$ \T1/ptm/m/n/10 is th
e plasma fre-quency, $\OML/ptmcm/m/it/10 n[] \OMS/cmsy/m/n/10 ^^Q
 []

[3]
LaTeX Font Info:    Font shape `U/lasy/b/n' in size <8> not available
(Font)              Font shape `U/lasy/m/n' tried instead on input line 480.
LaTeX Font Info:    Font shape `U/lasy/b/n' in size <6> not available
(Font)              Font shape `U/lasy/m/n' tried instead on input line 480.

Overfull \hbox (79.12422pt too wide) detected at line 537
\OT1/cmr/m/n/10 ^^@ \OMS/cmsy/m/n/10 ' \U/psy/m/n/10 -\OT1/cmr/m/n/10 ^^@[][] [
] []\OT1/ptm/m/n/10 (\U/psy/m/n/10 -\OMS/cmsy/m/n/10 G[]\OML/ptmCM/b/it/10 ^^V\
OT1/ptm/m/n/10 )\OML/ptmcm/m/it/10 ;
 []

<growthrates.png, id=23, 1578.64781pt x 497.60907pt>
File: growthrates.png Graphic file (type png)
 <use growthrates.png>
Package pdftex.def Info: growthrates.png used on input line 554.
(pdftex.def)             Requested size: 473.11969pt x 149.132pt.
LaTeX Font Info:    Font shape `T1/ptm/bx/n' in size <8> not available
(Font)              Font shape `T1/ptm/b/n' tried instead on input line 559.

Underfull \hbox (badness 10000) in paragraph at lines 559--559
$[]$
 []


Underfull \hbox (badness 10000) in paragraph at lines 559--559

 []

Package epstopdf Info: Source file: <oblique_GammaM.eps>
(epstopdf)                    date: 2016-04-12 15:38:43
(epstopdf)                    size: 1631755 bytes
(epstopdf)             Output file: <oblique_GammaM-eps-converted-to.pdf>
(epstopdf)                    date: 2016-04-12 15:38:52
(epstopdf)                    size: 780679 bytes
(epstopdf)             Command: <repstopdf --outfile=oblique_GammaM-eps-convert
ed-to.pdf oblique_GammaM.eps>
(epstopdf)             \includegraphics on input line 564.
Package epstopdf Info: Output file is already uptodate.
<oblique_GammaM-eps-converted-to.pdf, id=24, 361.35pt x 252.945pt>
File: oblique_GammaM-eps-converted-to.pdf Graphic file (type pdf)

<use oblique_GammaM-eps-converted-to.pdf>
Package pdftex.def Info: oblique_GammaM-eps-converted-to.pdf used on input line
 564.
(pdftex.def)             Requested size: 262.84605pt x 183.99217pt.

Overfull \hbox (12.76656pt too wide) in paragraph at lines 564--565
[][] 
 []


LaTeX Warning: Reference `fig:Ggen' on page 4 undefined on input line 571.


Underfull \hbox (badness 10000) in paragraph at lines 571--571
$[]$
 []


Underfull \hbox (badness 10000) in paragraph at lines 571--571

 []

[4]

LaTeX Warning: Reference `eq:growth-rate-bp' on page 5 undefined on input line 
648.


LaTeX Warning: Reference `eq:growth-rate-oblique' on page 5 undefined on input 
line 648.

[5 <./growthrates.png> <./oblique_GammaM-eps-converted-to.pdf>]
<rates.pdf, id=44, 587.19376pt x 442.65375pt>
File: rates.pdf Graphic file (type pdf)
 <use rates.pdf>
Package pdftex.def Info: rates.pdf used on input line 714.
(pdftex.def)             Requested size: 262.84605pt x 198.14542pt.

Overfull \hbox (12.76656pt too wide) in paragraph at lines 714--715
[][] 
 []


Underfull \hbox (badness 10000) in paragraph at lines 716--716
$[]$
 []


Underfull \hbox (badness 10000) in paragraph at lines 716--716

 []

[6 <./rates.pdf>]
LaTeX Font Info:    Try loading font information for OMS+ptm on input line 758.


(/usr/local/texlive/2013/texmf-dist/tex/latex/psnfss/omsptm.fd
File: omsptm.fd 
)
LaTeX Font Info:    Font shape `OMS/ptm/m/n' in size <10> not available
(Font)              Font shape `OMS/cmsy/m/n' tried instead on input line 758.
 [7]
Underfull \hbox (badness 10000) in paragraph at lines 769--771

 []


Underfull \hbox (badness 10000) in paragraph at lines 854--858
\T1/ptm/m/n/10 where we have added a fac-tor of
 []


Underfull \hbox (badness 3364) in paragraph at lines 854--858
\OML/ptmCM/b/it/10 ^^M[]![]![]\OT1/ptm/m/n/10 ([])\OML/ptmcm/m/it/10 =\OT1/ptm/
m/n/10 ([])$ \T1/ptm/m/n/10 to both sides. To solve
 []


Overfull \hbox (5.98161pt too wide) in alignment at lines 874--878
 [][][] []
 []


Underfull \hbox (badness 1270) in paragraph at lines 878--880
\T1/ptm/m/n/10 where the sec-ond term is zero be-cause it is odd[]\T1/ptm/b/n/1
0 , $\OML/ptmCM/b/it/10 ^^U[] \OT1/ptm/m/n/10 =
 []


Overfull \hbox (22.5218pt too wide) in alignment at lines 887--891
 [][][] []
 []


Overfull \hbox (19.8639pt too wide) detected at line 936
[] []
 []

[8]
Overfull \hbox (12.60497pt too wide) detected at line 1021
\OMS/cmsy/m/n/10 I \OT1/ptm/m/n/10 = [] [] [] [] \OML/ptmcm/m/it/10 :
 []


Overfull \hbox (48.67525pt too wide) detected at line 1032
\OML/ptmcm/m/it/10 R \OT1/ptm/m/n/10 = [] [] [] []
 []


Overfull \hbox (79.12422pt too wide) detected at line 1044
\OT1/cmr/m/n/10 ^^@ \OMS/cmsy/m/n/10 ' \U/psy/m/n/10 -\OT1/cmr/m/n/10 ^^@[][] [
] []\OT1/ptm/m/n/10 (\U/psy/m/n/10 -\OMS/cmsy/m/n/10 G[]\OML/ptmCM/b/it/10 ^^V\
OT1/ptm/m/n/10 )\OML/ptmcm/m/it/10 ;
 []

(./oblique.bbl) [9] (./oblique.aux)

LaTeX Font Warning: Some font shapes were not available, defaults substituted.


LaTeX Warning: There were undefined references.


LaTeX Warning: There were multiply-defined labels.

 ) 
Here is how much of TeX's memory you used:
 5835 strings out of 493315
 75654 string characters out of 6137904
 199082 words of memory out of 5000000
 9128 multiletter control sequences out of 15000+600000
 101782 words of font info for 149 fonts, out of 8000000 for 9000
 957 hyphenation exceptions out of 8191
 39i,11n,28p,2088b,366s stack positions out of 5000i,500n,10000p,200000b,80000s
{/usr/local/texlive/2013/texmf-dist/fonts/enc/dvips/base/8r.enc}</usr/local/t
exlive/2013/texmf-dist/fonts/type1/public/amsfonts/cm/cmbsy10.pfb></usr/local/t
exlive/2013/texmf-dist/fonts/type1/public/amsfonts/cm/cmex10.pfb></usr/local/te
xlive/2013/texmf-dist/fonts/type1/public/amsfonts/cm/cmmi10.pfb></usr/local/tex
live/2013/texmf-dist/fonts/type1/public/amsfonts/cm/cmmi7.pfb></usr/local/texli
ve/2013/texmf-dist/fonts/type1/public/amsfonts/cm/cmmi8.pfb></usr/local/texlive
/2013/texmf-dist/fonts/type1/public/amsfonts/cm/cmr10.pfb></usr/local/texlive/2
013/texmf-dist/fonts/type1/public/amsfonts/cm/cmr8.pfb></usr/local/texlive/2013
/texmf-dist/fonts/type1/public/amsfonts/cm/cmsy10.pfb></usr/local/texlive/2013/
texmf-dist/fonts/type1/public/amsfonts/cm/cmsy5.pfb></usr/local/texlive/2013/te
xmf-dist/fonts/type1/public/amsfonts/cm/cmsy6.pfb></usr/local/texlive/2013/texm
f-dist/fonts/type1/public/amsfonts/cm/cmsy7.pfb></usr/local/texlive/2013/texmf-
dist/fonts/type1/public/amsfonts/cm/cmsy8.pfb></usr/local/texlive/2013/texmf-di
st/fonts/type1/public/amsfonts/symbols/msam10.pfb></usr/local/texlive/2013/texm
f-dist/fonts/type1/urw/symbol/usyr.pfb></usr/local/texlive/2013/texmf-dist/font
s/type1/urw/times/utmb8a.pfb></usr/local/texlive/2013/texmf-dist/fonts/type1/ur
w/times/utmr8a.pfb></usr/local/texlive/2013/texmf-dist/fonts/type1/urw/times/ut
mri8a.pfb>
Output written on oblique.pdf (9 pages, 1300050 bytes).
PDF statistics:
 168 PDF objects out of 1000 (max. 8388607)
 98 compressed objects within 1 object stream
 0 named destinations out of 1000 (max. 500000)
 16 words of extra memory for PDF output out of 10000 (max. 10000000)

